[2026-03-19 22:43:16] === Monitor Started ===
[2026-03-19 22:43:17] [OK] Gateway online
[2026-03-19 22:43:33] [OK] Gateway online
[2026-03-19 22:43:48] [OK] Gateway online
[2026-03-19 22:44:04] [OK] Gateway online
[2026-03-19 22:44:20] [OK] Gateway online
[2026-03-19 22:44:35] [OK] Gateway online
[2026-03-19 22:44:51] [OK] Gateway online
[2026-03-19 22:45:06] [OK] Gateway online
[2026-03-19 22:45:22] [OK] Gateway online
[2026-03-19 22:45:37] [OK] Gateway online
[2026-03-19 22:45:54] [OK] Gateway online
[2026-03-19 22:46:10] [OK] Gateway online
[2026-03-19 22:46:26] [OK] Gateway online
[2026-03-19 22:46:42] [OK] Gateway online
[2026-03-19 22:46:58] [OK] Gateway online
[2026-03-19 22:47:15] [OK] Gateway online
[2026-03-19 22:47:32] [OK] Gateway online
[2026-03-19 22:47:49] [OK] Gateway online
[2026-03-19 22:48:05] [OK] Gateway online
[2026-03-19 22:48:21] [OK] Gateway online
[2026-03-19 22:48:38] [OK] Gateway online
[2026-03-19 22:48:53] [OK] Gateway online
[2026-03-19 22:49:10] [OK] Gateway online
[2026-03-19 22:49:26] [OK] Gateway online
[2026-03-19 22:49:42] [OK] Gateway online
[2026-03-19 22:49:57] [OK] Gateway online
[2026-03-19 22:50:14] [OK] Gateway online
[2026-03-19 22:50:30] [OK] Gateway online
[2026-03-19 22:50:45] [OK] Gateway online
[2026-03-19 22:51:01] [OK] Gateway online
[2026-03-19 22:51:17] [OK] Gateway online
[2026-03-19 22:51:32] [OK] Gateway online
[2026-03-19 22:51:48] [OK] Gateway online
[2026-03-19 22:52:03] [OK] Gateway online
[2026-03-19 22:52:19] [OK] Gateway online
[2026-03-19 22:52:34] [OK] Gateway online
[2026-03-19 22:52:50] [OK] Gateway online
[2026-03-19 22:53:06] [OK] Gateway online
[2026-03-19 22:53:21] [OK] Gateway online
[2026-03-19 22:53:37] [OK] Gateway online
[2026-03-19 22:53:52] [OK] Gateway online
[2026-03-19 22:54:08] [OK] Gateway online
[2026-03-19 22:54:24] [OK] Gateway online
[2026-03-19 22:54:39] [OK] Gateway online
[2026-03-19 22:54:55] [OK] Gateway online
[2026-03-19 22:55:10] [OK] Gateway online
[2026-03-19 22:55:25] [OK] Gateway online
[2026-03-19 22:55:41] [OK] Gateway online
[2026-03-19 22:55:57] [OK] Gateway online
[2026-03-19 22:56:13] [OK] Gateway online
[2026-03-19 22:56:28] [OK] Gateway online
[2026-03-19 22:56:44] [OK] Gateway online
[2026-03-19 22:56:59] [OK] Gateway online
[2026-03-19 22:57:15] [OK] Gateway online
[2026-03-19 22:57:30] [OK] Gateway online
[2026-03-19 22:57:46] [OK] Gateway online
[2026-03-19 22:58:01] [OK] Gateway online
[2026-03-19 22:58:17] [OK] Gateway online
[2026-03-19 22:58:32] [OK] Gateway online
[2026-03-19 22:58:47] [OK] Gateway online
[2026-03-19 22:59:03] [OK] Gateway online
[2026-03-19 22:59:19] [OK] Gateway online
[2026-03-19 22:59:34] [OK] Gateway online
[2026-03-19 22:59:50] [OK] Gateway online
[2026-03-19 23:00:05] [OK] Gateway online
[2026-03-19 23:00:21] [OK] Gateway online
[2026-03-19 23:00:36] [OK] Gateway online
[2026-03-19 23:00:52] [OK] Gateway online
[2026-03-19 23:01:07] [OK] Gateway online
[2026-03-19 23:01:23] [OK] Gateway online
[2026-03-19 23:01:38] [OK] Gateway online
[2026-03-19 23:01:54] [OK] Gateway online
[2026-03-19 23:02:10] [OK] Gateway online
[2026-03-19 23:02:26] [OK] Gateway online
[2026-03-19 23:02:41] [OK] Gateway online
[2026-03-19 23:02:57] [OK] Gateway online
[2026-03-19 23:03:13] [OK] Gateway online
[2026-03-19 23:03:28] [OK] Gateway online
[2026-03-19 23:03:44] [OK] Gateway online
[2026-03-19 23:04:00] [OK] Gateway online
[2026-03-19 23:04:16] [OK] Gateway online
[2026-03-19 23:04:31] [OK] Gateway online
[2026-03-19 23:04:47] [OK] Gateway online
[2026-03-19 23:05:03] [OK] Gateway online
[2026-03-19 23:05:18] [OK] Gateway online
[2026-03-19 23:05:34] [OK] Gateway online
[2026-03-19 23:05:50] [OK] Gateway online
[2026-03-19 23:06:06] [OK] Gateway online
[2026-03-19 23:06:22] [OK] Gateway online
[2026-03-19 23:06:38] [OK] Gateway online
[2026-03-19 23:06:54] [OK] Gateway online
[2026-03-19 23:07:09] [OK] Gateway online
[2026-03-19 23:07:25] [OK] Gateway online
[2026-03-19 23:07:41] [OK] Gateway online
[2026-03-19 23:07:56] [OK] Gateway online
[2026-03-19 23:08:12] [OK] Gateway online
[2026-03-19 23:08:27] [OK] Gateway online
[2026-03-19 23:08:43] [OK] Gateway online
[2026-03-19 23:08:59] [OK] Gateway online
[2026-03-19 23:09:14] [OK] Gateway online
[2026-03-19 23:09:30] [OK] Gateway online
[2026-03-19 23:09:46] [OK] Gateway online
[2026-03-19 23:10:01] [OK] Gateway online
[2026-03-19 23:10:17] [OK] Gateway online
[2026-03-19 23:10:33] [OK] Gateway online
[2026-03-19 23:10:49] [OK] Gateway online
[2026-03-19 23:11:04] [OK] Gateway online
[2026-03-19 23:11:20] [OK] Gateway online
[2026-03-19 23:11:35] [OK] Gateway online
[2026-03-19 23:11:51] [OK] Gateway online
[2026-03-19 23:12:07] [OK] Gateway online
[2026-03-19 23:12:22] [OK] Gateway online
[2026-03-19 23:12:38] [OK] Gateway online
[2026-03-19 23:12:54] [OK] Gateway online
[2026-03-19 23:13:10] [OK] Gateway online
[2026-03-19 23:13:26] [OK] Gateway online
[2026-03-19 23:13:42] [OK] Gateway online
[2026-03-19 23:13:58] [OK] Gateway online
[2026-03-19 23:14:14] [OK] Gateway online
[2026-03-19 23:14:29] [OK] Gateway online
[2026-03-19 23:14:45] [OK] Gateway online
[2026-03-19 23:15:01] [OK] Gateway online
[2026-03-19 23:15:18] [OK] Gateway online
[2026-03-19 23:15:34] [OK] Gateway online
[2026-03-19 23:15:49] [OK] Gateway online
[2026-03-19 23:16:05] [OK] Gateway online
[2026-03-19 23:16:22] [OK] Gateway online
[2026-03-19 23:16:37] [OK] Gateway online
[2026-03-19 23:16:53] [OK] Gateway online
[2026-03-19 23:17:09] [OK] Gateway online
[2026-03-19 23:17:25] [OK] Gateway online
[2026-03-19 23:17:40] [OK] Gateway online
[2026-03-19 23:17:56] [OK] Gateway online
[2026-03-19 23:18:12] [OK] Gateway online
[2026-03-19 23:18:27] [OK] Gateway online
[2026-03-19 23:18:43] [OK] Gateway online
[2026-03-19 23:18:59] [OK] Gateway online
[2026-03-19 23:19:14] [OK] Gateway online
[2026-03-19 23:19:30] [OK] Gateway online
[2026-03-19 23:19:46] [OK] Gateway online
[2026-03-19 23:20:01] [OK] Gateway online
[2026-03-19 23:20:17] [OK] Gateway online
[2026-03-19 23:20:32] [OK] Gateway online
[2026-03-19 23:20:48] [OK] Gateway online
[2026-03-19 23:21:04] [OK] Gateway online
[2026-03-19 23:21:19] [OK] Gateway online
[2026-03-19 23:21:35] [OK] Gateway online
[2026-03-19 23:21:50] [OK] Gateway online
[2026-03-19 23:22:06] [OK] Gateway online
[2026-03-19 23:22:21] [OK] Gateway online
[2026-03-19 23:22:37] [OK] Gateway online
[2026-03-19 23:22:52] [OK] Gateway online
[2026-03-19 23:23:08] [OK] Gateway online
[2026-03-19 23:23:24] [OK] Gateway online
[2026-03-19 23:23:39] [OK] Gateway online
[2026-03-19 23:23:54] [OK] Gateway online
[2026-03-19 23:24:10] [OK] Gateway online
[2026-03-19 23:24:25] [OK] Gateway online
[2026-03-19 23:24:40] [OK] Gateway online
[2026-03-19 23:24:56] [OK] Gateway online
[2026-03-19 23:25:11] [OK] Gateway online
[2026-03-19 23:25:27] [OK] Gateway online
[2026-03-19 23:25:43] [OK] Gateway online
[2026-03-19 23:25:58] [OK] Gateway online
[2026-03-19 23:26:14] [OK] Gateway online
[2026-03-19 23:26:29] [OK] Gateway online
[2026-03-19 23:26:44] [OK] Gateway online
[2026-03-19 23:27:00] [OK] Gateway online
[2026-03-19 23:27:15] [OK] Gateway online
[2026-03-19 23:27:31] [OK] Gateway online
[2026-03-19 23:27:46] [OK] Gateway online
[2026-03-19 23:28:02] [OK] Gateway online
[2026-03-19 23:28:18] [OK] Gateway online
[2026-03-19 23:28:33] [OK] Gateway online
[2026-03-19 23:28:49] [OK] Gateway online
[2026-03-19 23:29:04] [OK] Gateway online
[2026-03-19 23:29:20] [OK] Gateway online
[2026-03-19 23:29:35] [OK] Gateway online
[2026-03-19 23:29:51] [OK] Gateway online
[2026-03-19 23:30:06] [OK] Gateway online
[2026-03-19 23:30:22] [OK] Gateway online
[2026-03-19 23:30:37] [OK] Gateway online
[2026-03-19 23:30:52] [OK] Gateway online
[2026-03-19 23:31:08] [OK] Gateway online
[2026-03-19 23:31:23] [OK] Gateway online
[2026-03-19 23:31:39] [OK] Gateway online
[2026-03-19 23:31:54] [OK] Gateway online
[2026-03-19 23:32:09] [OK] Gateway online
[2026-03-19 23:32:25] [OK] Gateway online
[2026-03-19 23:32:40] [OK] Gateway online
[2026-03-19 23:32:56] [OK] Gateway online
[2026-03-19 23:33:11] [OK] Gateway online
[2026-03-19 23:33:27] [OK] Gateway online
[2026-03-19 23:33:42] [OK] Gateway online
[2026-03-19 23:33:57] [OK] Gateway online
[2026-03-19 23:34:13] [OK] Gateway online
[2026-03-19 23:34:29] [OK] Gateway online
[2026-03-19 23:34:44] [OK] Gateway online
[2026-03-19 23:34:59] [OK] Gateway online
[2026-03-19 23:35:15] [OK] Gateway online
[2026-03-19 23:35:31] [OK] Gateway online
[2026-03-19 23:35:46] [OK] Gateway online
[2026-03-19 23:36:02] [OK] Gateway online
[2026-03-19 23:36:18] [OK] Gateway online
[2026-03-19 23:36:34] [OK] Gateway online
[2026-03-19 23:36:50] [OK] Gateway online
[2026-03-19 23:37:05] [OK] Gateway online
[2026-03-19 23:37:21] [OK] Gateway online
[2026-03-19 23:37:37] [OK] Gateway online
[2026-03-19 23:37:53] [OK] Gateway online
[2026-03-19 23:38:09] [OK] Gateway online
[2026-03-19 23:38:26] [OK] Gateway online
[2026-03-19 23:38:42] [OK] Gateway online
[2026-03-19 23:38:57] [OK] Gateway online
[2026-03-19 23:39:13] [OK] Gateway online
[2026-03-19 23:39:28] [OK] Gateway online
[2026-03-19 23:39:44] [OK] Gateway online
[2026-03-19 23:40:00] [OK] Gateway online
[2026-03-19 23:40:15] [OK] Gateway online
[2026-03-19 23:40:31] [OK] Gateway online
[2026-03-19 23:40:47] [OK] Gateway online
[2026-03-19 23:41:02] [OK] Gateway online
[2026-03-19 23:41:18] [OK] Gateway online
[2026-03-19 23:41:33] [OK] Gateway online
[2026-03-19 23:41:49] [OK] Gateway online
[2026-03-19 23:42:04] [OK] Gateway online
[2026-03-19 23:42:20] [OK] Gateway online
[2026-03-19 23:42:36] [OK] Gateway online
[2026-03-19 23:42:51] [OK] Gateway online
[2026-03-19 23:43:07] [OK] Gateway online
[2026-03-19 23:43:22] [OK] Gateway online
[2026-03-19 23:43:38] [OK] Gateway online
[2026-03-19 23:43:54] [OK] Gateway online
[2026-03-19 23:44:10] [OK] Gateway online
[2026-03-19 23:44:26] [OK] Gateway online
[2026-03-19 23:44:43] [OK] Gateway online
[2026-03-19 23:44:59] [OK] Gateway online
[2026-03-19 23:45:15] [OK] Gateway online
[2026-03-19 23:45:31] [OK] Gateway online
[2026-03-19 23:45:47] [OK] Gateway online
[2026-03-19 23:46:03] [OK] Gateway online
[2026-03-19 23:46:19] [OK] Gateway online
[2026-03-19 23:46:35] [OK] Gateway online
[2026-03-19 23:46:51] [OK] Gateway online
[2026-03-19 23:47:07] [OK] Gateway online
[2026-03-19 23:47:23] [OK] Gateway online
[2026-03-19 23:47:39] [OK] Gateway online
[2026-03-19 23:47:55] [OK] Gateway online
[2026-03-19 23:48:11] [OK] Gateway online
[2026-03-19 23:48:27] [OK] Gateway online
[2026-03-19 23:48:43] [OK] Gateway online
[2026-03-19 23:48:59] [OK] Gateway online
[2026-03-19 23:49:16] [OK] Gateway online
[2026-03-19 23:49:33] [OK] Gateway online
[2026-03-19 23:49:49] [OK] Gateway online
[2026-03-19 23:50:05] [OK] Gateway online
[2026-03-19 23:50:23] [OK] Gateway online
[2026-03-19 23:50:39] [OK] Gateway online
[2026-03-19 23:50:56] [OK] Gateway online
[2026-03-19 23:51:12] [OK] Gateway online
[2026-03-19 23:51:28] [OK] Gateway online
[2026-03-19 23:51:45] [OK] Gateway online
[2026-03-19 23:52:01] [OK] Gateway online
[2026-03-19 23:52:17] [OK] Gateway online
[2026-03-19 23:52:33] [OK] Gateway online
[2026-03-19 23:52:49] [OK] Gateway online
[2026-03-19 23:53:05] [OK] Gateway online
[2026-03-19 23:53:21] [OK] Gateway online
[2026-03-19 23:53:36] [OK] Gateway online
[2026-03-19 23:53:52] [OK] Gateway online
[2026-03-19 23:54:08] [OK] Gateway online
[2026-03-19 23:54:24] [OK] Gateway online
[2026-03-19 23:54:39] [OK] Gateway online
[2026-03-19 23:54:55] [OK] Gateway online
[2026-03-19 23:55:10] [OK] Gateway online
[2026-03-19 23:55:26] [OK] Gateway online
[2026-03-19 23:55:43] [OK] Gateway online
[2026-03-19 23:55:58] [OK] Gateway online
[2026-03-19 23:56:14] [OK] Gateway online
[2026-03-19 23:56:30] [OK] Gateway online
[2026-03-19 23:56:46] [OK] Gateway online
[2026-03-19 23:57:02] [OK] Gateway online
[2026-03-19 23:57:18] [OK] Gateway online
[2026-03-19 23:57:35] [OK] Gateway online
[2026-03-19 23:57:50] [OK] Gateway online
[2026-03-19 23:58:06] [OK] Gateway online
[2026-03-19 23:58:22] [OK] Gateway online
[2026-03-19 23:58:38] [OK] Gateway online
[2026-03-19 23:58:53] [OK] Gateway online
[2026-03-19 23:59:09] [OK] Gateway online
[2026-03-19 23:59:24] [OK] Gateway online
[2026-03-19 23:59:40] [OK] Gateway online
[2026-03-19 23:59:56] [OK] Gateway online
[2026-03-20 00:00:12] [OK] Gateway online
[2026-03-20 00:00:28] [OK] Gateway online
[2026-03-20 00:00:44] [OK] Gateway online
[2026-03-20 00:01:00] [OK] Gateway online
[2026-03-20 00:01:16] [OK] Gateway online
[2026-03-20 00:01:32] [OK] Gateway online
[2026-03-20 00:01:48] [OK] Gateway online
[2026-03-20 00:02:04] [OK] Gateway online
[2026-03-20 00:02:20] [OK] Gateway online
[2026-03-20 00:02:35] [OK] Gateway online
[2026-03-20 00:02:51] [OK] Gateway online
[2026-03-20 00:03:07] [OK] Gateway online
[2026-03-20 00:03:22] [OK] Gateway online
[2026-03-20 00:03:38] [OK] Gateway online
[2026-03-20 00:03:53] [OK] Gateway online
[2026-03-20 00:04:09] [OK] Gateway online
[2026-03-20 00:04:25] [OK] Gateway online
[2026-03-20 00:04:40] [OK] Gateway online
[2026-03-20 00:04:56] [OK] Gateway online
[2026-03-20 00:05:12] [OK] Gateway online
[2026-03-20 00:05:29] [OK] Gateway online
[2026-03-20 00:05:45] [OK] Gateway online
[2026-03-20 00:06:00] [OK] Gateway online
[2026-03-20 00:06:16] [OK] Gateway online
[2026-03-20 00:06:32] [OK] Gateway online
[2026-03-20 00:06:48] [OK] Gateway online
[2026-03-20 00:07:04] [OK] Gateway online
[2026-03-20 00:07:19] [OK] Gateway online
[2026-03-20 00:07:35] [OK] Gateway online
[2026-03-20 00:07:51] [OK] Gateway online
[2026-03-20 00:08:07] [OK] Gateway online
[2026-03-20 00:08:22] [OK] Gateway online
[2026-03-20 00:08:38] [OK] Gateway online
[2026-03-20 00:08:55] [OK] Gateway online
[2026-03-20 00:09:11] [OK] Gateway online
[2026-03-20 00:09:26] [OK] Gateway online
[2026-03-20 00:09:42] [OK] Gateway online
[2026-03-20 00:09:58] [OK] Gateway online
[2026-03-20 00:10:13] [OK] Gateway online
[2026-03-20 00:10:30] [WARN] Gateway offline, waiting...
[2026-03-20 00:10:34] [DOWN] Gateway down! Attempting restart...
[2026-03-20 00:10:34] Gateway offline, stopping existing process...
[2026-03-20 00:10:37] Starting gateway...
[2026-03-20 00:10:43] [ERROR] Restart failed - manual intervention required
[2026-03-20 00:10:59] [WARN] Gateway offline, waiting...
[2026-03-20 00:11:04] [DOWN] Gateway down! Attempting restart...
[2026-03-20 00:11:04] Gateway offline, stopping existing process...
[2026-03-20 00:11:07] Starting gateway...
[2026-03-20 00:11:13] [ERROR] Restart failed - manual intervention required
[2026-03-20 00:11:28] [WARN] Gateway offline, waiting...
[2026-03-20 00:11:32] [DOWN] Gateway down! Attempting restart...
[2026-03-20 00:11:32] Gateway offline, stopping existing process...
[2026-03-20 00:11:35] Starting gateway...
[2026-03-20 00:11:41] [ERROR] Restart failed - manual intervention required
[2026-03-20 00:11:57] [WARN] Gateway offline, waiting...
[2026-03-20 00:12:01] [DOWN] Gateway down! Attempting restart...
[2026-03-20 00:12:01] Gateway offline, stopping existing process...
[2026-03-20 00:12:04] Starting gateway...
[2026-03-20 00:12:10] [ERROR] Restart failed - manual intervention required
[2026-03-20 00:12:26] [WARN] Gateway offline, waiting...
[2026-03-20 00:12:30] [DOWN] Gateway down! Attempting restart...
[2026-03-20 00:12:30] Gateway offline, stopping existing process...
[2026-03-20 00:12:33] Starting gateway...
[2026-03-20 00:12:39] [ERROR] Restart failed - manual intervention required
[2026-03-20 00:12:55] [WARN] Gateway offline, waiting...
[2026-03-20 00:12:59] [DOWN] Gateway down! Attempting restart...
[2026-03-20 00:12:59] Gateway offline, stopping existing process...
[2026-03-20 00:13:02] Starting gateway...
[2026-03-20 00:13:08] [ERROR] Restart failed - manual intervention required
[2026-03-20 00:13:25] [WARN] Gateway offline, waiting...
[2026-03-20 00:13:29] [DOWN] Gateway down! Attempting restart...
[2026-03-20 00:13:29] Gateway offline, stopping existing process...
[2026-03-20 00:13:32] Starting gateway...
[2026-03-20 00:13:38] [ERROR] Restart failed - manual intervention required
[2026-03-20 00:13:54] [WARN] Gateway offline, waiting...
[2026-03-20 00:13:58] [DOWN] Gateway down! Attempting restart...
[2026-03-20 00:13:58] Gateway offline, stopping existing process...
[2026-03-20 00:14:02] Starting gateway...
[2026-03-20 00:14:08] [ERROR] Restart failed - manual intervention required
[2026-03-20 00:14:23] [OK] Gateway online
[2026-03-20 00:14:39] [OK] Gateway online
[2026-03-20 00:14:55] [OK] Gateway online
[2026-03-20 00:15:11] [OK] Gateway online
[2026-03-20 00:15:26] [OK] Gateway online
[2026-03-20 00:15:42] [OK] Gateway online
[2026-03-20 00:15:58] [WARN] Gateway offline, waiting...
[2026-03-20 00:16:01] [DOWN] Gateway down! Attempting restart...
[2026-03-20 00:16:01] Gateway offline, stopping existing process...
[2026-03-20 00:16:04] Starting gateway...
[2026-03-20 00:16:10] [ERROR] Restart failed - manual intervention required
[2026-03-20 00:16:26] [WARN] Gateway offline, waiting...
[2026-03-20 00:16:30] [DOWN] Gateway down! Attempting restart...
[2026-03-20 00:16:30] Gateway offline, stopping existing process...
[2026-03-20 00:16:33] Starting gateway...
[2026-03-20 00:16:39] [ERROR] Restart failed - manual intervention required
[2026-03-20 00:16:55] [WARN] Gateway offline, waiting...
[2026-03-20 00:16:59] [DOWN] Gateway down! Attempting restart...
[2026-03-20 00:16:59] Gateway offline, stopping existing process...
[2026-03-20 00:17:02] Starting gateway...
[2026-03-20 00:17:08] [ERROR] Restart failed - manual intervention required
[2026-03-20 00:17:25] [WARN] Gateway offline, waiting...
[2026-03-20 00:17:29] [DOWN] Gateway down! Attempting restart...
[2026-03-20 00:17:29] Gateway offline, stopping existing process...
[2026-03-20 00:17:32] Starting gateway...
[2026-03-20 00:17:38] [ERROR] Restart failed - manual intervention required
[2026-03-20 00:17:54] [WARN] Gateway offline, waiting...
[2026-03-20 00:17:58] [DOWN] Gateway down! Attempting restart...
[2026-03-20 00:17:58] Gateway offline, stopping existing process...
[2026-03-20 00:18:02] Starting gateway...
[2026-03-20 00:18:08] [ERROR] Restart failed - manual intervention required
[2026-03-20 00:18:24] [WARN] Gateway offline, waiting...
[2026-03-20 00:18:28] [DOWN] Gateway down! Attempting restart...
[2026-03-20 00:18:28] Gateway offline, stopping existing process...
[2026-03-20 00:18:31] Starting gateway...
[2026-03-20 00:18:37] [ERROR] Restart failed - manual intervention required
[2026-03-20 00:18:53] [WARN] Gateway offline, waiting...
[2026-03-20 00:18:57] [DOWN] Gateway down! Attempting restart...
[2026-03-20 00:18:57] Gateway offline, stopping existing process...
[2026-03-20 00:19:00] Starting gateway...
[2026-03-20 00:19:06] [ERROR] Restart failed - manual intervention required
[2026-03-20 00:19:22] [WARN] Gateway offline, waiting...
[2026-03-20 00:19:25] [DOWN] Gateway down! Attempting restart...
[2026-03-20 00:19:25] Gateway offline, stopping existing process...
[2026-03-20 00:19:28] Starting gateway...
[2026-03-20 00:19:33] [ERROR] Restart failed - manual intervention required
[2026-03-20 00:19:49] [WARN] Gateway offline, waiting...
[2026-03-20 00:19:53] [DOWN] Gateway down! Attempting restart...
[2026-03-20 00:19:53] Gateway offline, stopping existing process...
[2026-03-20 00:19:56] Starting gateway...
[2026-03-20 00:20:02] [ERROR] Restart failed - manual intervention required
[2026-03-20 00:20:17] [WARN] Gateway offline, waiting...
[2026-03-20 00:20:21] [DOWN] Gateway down! Attempting restart...
[2026-03-20 00:20:21] Gateway offline, stopping existing process...
[2026-03-20 00:20:24] Starting gateway...
[2026-03-20 00:20:29] [ERROR] Restart failed - manual intervention required
[2026-03-20 00:20:45] [WARN] Gateway offline, waiting...
[2026-03-20 00:20:49] [DOWN] Gateway down! Attempting restart...
[2026-03-20 00:20:49] Gateway offline, stopping existing process...
[2026-03-20 00:20:51] Starting gateway...
[2026-03-20 00:20:57] [ERROR] Restart failed - manual intervention required
[2026-03-20 00:21:13] [WARN] Gateway offline, waiting...
[2026-03-20 00:21:17] [DOWN] Gateway down! Attempting restart...
[2026-03-20 00:21:17] Gateway offline, stopping existing process...
[2026-03-20 00:21:20] Starting gateway...
[2026-03-20 00:21:26] [ERROR] Restart failed - manual intervention required
[2026-03-20 00:21:42] [WARN] Gateway offline, waiting...
[2026-03-20 00:21:45] [DOWN] Gateway down! Attempting restart...
[2026-03-20 00:21:45] Gateway offline, stopping existing process...
[2026-03-20 00:21:48] Starting gateway...
[2026-03-20 00:21:54] [ERROR] Restart failed - manual intervention required
[2026-03-20 00:22:10] [WARN] Gateway offline, waiting...
[2026-03-20 00:22:14] [DOWN] Gateway down! Attempting restart...
[2026-03-20 00:22:14] Gateway offline, stopping existing process...
[2026-03-20 00:22:17] Starting gateway...
[2026-03-20 00:22:23] [ERROR] Restart failed - manual intervention required
[2026-03-20 00:22:38] [WARN] Gateway offline, waiting...
[2026-03-20 00:22:42] [DOWN] Gateway down! Attempting restart...
[2026-03-20 00:22:42] Gateway offline, stopping existing process...
[2026-03-20 00:22:45] Starting gateway...
[2026-03-20 00:22:51] [ERROR] Restart failed - manual intervention required
[2026-03-20 00:23:07] [WARN] Gateway offline, waiting...
[2026-03-20 00:23:10] [DOWN] Gateway down! Attempting restart...
[2026-03-20 00:23:10] Gateway offline, stopping existing process...
[2026-03-20 00:23:13] Starting gateway...
[2026-03-20 00:23:19] [ERROR] Restart failed - manual intervention required
[2026-03-20 00:23:34] [WARN] Gateway offline, waiting...
[2026-03-20 00:23:38] [DOWN] Gateway down! Attempting restart...
[2026-03-20 00:23:38] Gateway offline, stopping existing process...
[2026-03-20 00:23:40] Starting gateway...
[2026-03-20 00:23:46] [ERROR] Restart failed - manual intervention required
[2026-03-20 00:24:02] [WARN] Gateway offline, waiting...
[2026-03-20 00:24:05] [DOWN] Gateway down! Attempting restart...
[2026-03-20 00:24:05] Gateway offline, stopping existing process...
[2026-03-20 00:24:08] Starting gateway...
[2026-03-20 00:24:14] [ERROR] Restart failed - manual intervention required
[2026-03-20 00:24:29] [WARN] Gateway offline, waiting...
[2026-03-20 00:24:33] [DOWN] Gateway down! Attempting restart...
[2026-03-20 00:24:33] Gateway offline, stopping existing process...
[2026-03-20 00:24:36] Starting gateway...
[2026-03-20 00:24:42] [ERROR] Restart failed - manual intervention required
[2026-03-20 00:24:57] [WARN] Gateway offline, waiting...
[2026-03-20 00:25:01] [DOWN] Gateway down! Attempting restart...
[2026-03-20 00:25:01] Gateway offline, stopping existing process...
[2026-03-20 00:25:03] Starting gateway...
[2026-03-20 00:25:09] [ERROR] Restart failed - manual intervention required
[2026-03-20 00:25:25] [WARN] Gateway offline, waiting...
[2026-03-20 00:25:29] [DOWN] Gateway down! Attempting restart...
[2026-03-20 00:25:29] Gateway offline, stopping existing process...
[2026-03-20 00:25:32] Starting gateway...
[2026-03-20 00:25:37] [ERROR] Restart failed - manual intervention required
[2026-03-20 00:25:53] [WARN] Gateway offline, waiting...
[2026-03-20 00:25:57] [DOWN] Gateway down! Attempting restart...
[2026-03-20 00:25:57] Gateway offline, stopping existing process...
[2026-03-20 00:26:00] Starting gateway...
[2026-03-20 00:26:06] [ERROR] Restart failed - manual intervention required
[2026-03-20 00:26:21] [WARN] Gateway offline, waiting...
[2026-03-20 00:26:25] [DOWN] Gateway down! Attempting restart...
[2026-03-20 00:26:25] Gateway offline, stopping existing process...
[2026-03-20 00:26:28] Starting gateway...
[2026-03-20 00:26:34] [ERROR] Restart failed - manual intervention required
[2026-03-20 00:26:50] [WARN] Gateway offline, waiting...
[2026-03-20 00:26:54] [DOWN] Gateway down! Attempting restart...
[2026-03-20 00:26:54] Gateway offline, stopping existing process...
[2026-03-20 00:26:57] Starting gateway...
[2026-03-20 00:27:03] [ERROR] Restart failed - manual intervention required
[2026-03-20 00:27:18] [WARN] Gateway offline, waiting...
[2026-03-20 00:27:22] [DOWN] Gateway down! Attempting restart...
[2026-03-20 00:27:23] Gateway offline, stopping existing process...
[2026-03-20 00:27:26] Starting gateway...
[2026-03-20 00:27:31] [ERROR] Restart failed - manual intervention required
[2026-03-20 00:27:47] [WARN] Gateway offline, waiting...
[2026-03-20 00:27:51] [DOWN] Gateway down! Attempting restart...
[2026-03-20 00:27:51] Gateway offline, stopping existing process...
[2026-03-20 00:27:54] Starting gateway...
[2026-03-20 00:28:00] [ERROR] Restart failed - manual intervention required
[2026-03-20 00:28:16] [WARN] Gateway offline, waiting...
[2026-03-20 00:28:20] [DOWN] Gateway down! Attempting restart...
[2026-03-20 00:28:20] Gateway offline, stopping existing process...
[2026-03-20 00:28:23] Starting gateway...
[2026-03-20 00:28:29] [ERROR] Restart failed - manual intervention required
[2026-03-20 00:28:45] [WARN] Gateway offline, waiting...
[2026-03-20 00:28:49] [DOWN] Gateway down! Attempting restart...
[2026-03-20 00:28:49] Gateway offline, stopping existing process...
[2026-03-20 00:28:52] Starting gateway...
[2026-03-20 00:28:58] [ERROR] Restart failed - manual intervention required
[2026-03-20 00:29:13] [WARN] Gateway offline, waiting...
[2026-03-20 00:29:17] [DOWN] Gateway down! Attempting restart...
[2026-03-20 00:29:17] Gateway offline, stopping existing process...
[2026-03-20 00:29:20] Starting gateway...
[2026-03-20 00:29:25] [ERROR] Restart failed - manual intervention required
[2026-03-20 00:29:41] [WARN] Gateway offline, waiting...
[2026-03-20 00:29:45] [DOWN] Gateway down! Attempting restart...
[2026-03-20 00:29:45] Gateway offline, stopping existing process...
[2026-03-20 00:29:48] Starting gateway...
[2026-03-20 00:29:53] [ERROR] Restart failed - manual intervention required
[2026-03-20 00:30:09] [WARN] Gateway offline, waiting...
[2026-03-20 00:30:13] [DOWN] Gateway down! Attempting restart...
[2026-03-20 00:30:13] Gateway offline, stopping existing process...
[2026-03-20 00:30:16] Starting gateway...
[2026-03-20 00:30:22] [ERROR] Restart failed - manual intervention required
[2026-03-20 00:30:38] [WARN] Gateway offline, waiting...
[2026-03-20 00:30:41] [DOWN] Gateway down! Attempting restart...
[2026-03-20 00:30:41] Gateway offline, stopping existing process...
[2026-03-20 00:30:44] Starting gateway...
[2026-03-20 00:30:49] [ERROR] Restart failed - manual intervention required
[2026-03-20 00:31:05] [WARN] Gateway offline, waiting...
[2026-03-20 00:31:09] [DOWN] Gateway down! Attempting restart...
[2026-03-20 00:31:09] Gateway offline, stopping existing process...
[2026-03-20 00:31:12] Starting gateway...
[2026-03-20 00:31:18] [ERROR] Restart failed - manual intervention required
[2026-03-20 00:31:33] [WARN] Gateway offline, waiting...
[2026-03-20 00:31:37] [DOWN] Gateway down! Attempting restart...
[2026-03-20 00:31:37] Gateway offline, stopping existing process...
[2026-03-20 00:31:40] Starting gateway...
[2026-03-20 00:31:46] [ERROR] Restart failed - manual intervention required
[2026-03-20 00:32:02] [WARN] Gateway offline, waiting...
[2026-03-20 00:32:05] [DOWN] Gateway down! Attempting restart...
[2026-03-20 00:32:05] Gateway offline, stopping existing process...
[2026-03-20 00:32:08] Starting gateway...
[2026-03-20 00:32:13] [ERROR] Restart failed - manual intervention required
[2026-03-20 00:32:29] [WARN] Gateway offline, waiting...
[2026-03-20 00:32:32] [DOWN] Gateway down! Attempting restart...
[2026-03-20 00:32:32] Gateway offline, stopping existing process...
[2026-03-20 00:32:35] Starting gateway...
[2026-03-20 00:32:40] [ERROR] Restart failed - manual intervention required
[2026-03-20 00:32:56] [WARN] Gateway offline, waiting...
[2026-03-20 00:32:59] [DOWN] Gateway down! Attempting restart...
[2026-03-20 00:32:59] Gateway offline, stopping existing process...
[2026-03-20 00:33:01] Starting gateway...
